Using pre-set license
Built from '2022.1/staging' branch; Version is '2022.1.3f1 (1cedbfe38737) revision 1895871'; Using compiler version '192829333'; Build Type 'Release'
OS: 'Windows 10  (10.0.19045) 64bit Professional' Language: 'en' Physical Memory: 16303 MB
BatchMode: 1, IsHumanControllingUs: 0, StartBugReporterOnCrash: 0, Is64bit: 1, IsPro: 1

COMMAND LINE ARGUMENTS:
C:\Program Files\Unity\Hub\Editor\2022.1.3f1\Editor\Unity.exe
-adb2
-batchMode
-noUpm
-name
AssetImportWorker9
-projectPath
C:/Users/Devfamily/My project
-logFile
Logs/AssetImportWorker9.log
-srvPort
58507
Successfully changed project path to: C:/Users/Devfamily/My project
C:/Users/Devfamily/My project
[UnityMemory] Configuration Parameters - Can be set up in boot.config
    "memorysetup-bucket-allocator-granularity=16"
    "memorysetup-bucket-allocator-bucket-count=8"
    "memorysetup-bucket-allocator-block-size=33554432"
    "memorysetup-bucket-allocator-block-count=8"
    "memorysetup-main-allocator-block-size=16777216"
    "memorysetup-thread-allocator-block-size=16777216"
    "memorysetup-gfx-main-allocator-block-size=16777216"
    "memorysetup-gfx-thread-allocator-block-size=16777216"
    "memorysetup-cache-allocator-block-size=4194304"
    "memorysetup-typetree-allocator-block-size=2097152"
    "memorysetup-profiler-bucket-allocator-granularity=16"
    "memorysetup-profiler-bucket-allocator-bucket-count=8"
    "memorysetup-profiler-bucket-allocator-block-size=33554432"
    "memorysetup-profiler-bucket-allocator-block-count=8"
    "memorysetup-profiler-allocator-block-size=16777216"
    "memorysetup-profiler-editor-allocator-block-size=1048576"
    "memorysetup-temp-allocator-size-main=16777216"
    "memorysetup-job-temp-allocator-block-size=2097152"
    "memorysetup-job-temp-allocator-block-size-background=1048576"
    "memorysetup-job-temp-allocator-reduction-small-platforms=262144"
    "memorysetup-temp-allocator-size-background-worker=32768"
    "memorysetup-temp-allocator-size-job-worker=262144"
    "memorysetup-temp-allocator-size-preload-manager=33554432"
    "memorysetup-temp-allocator-size-nav-mesh-worker=65536"
    "memorysetup-temp-allocator-size-audio-worker=65536"
    "memorysetup-temp-allocator-size-cloud-worker=32768"
    "memorysetup-temp-allocator-size-gi-baking-worker=262144"
    "memorysetup-temp-allocator-size-gfx=262144"
Refreshing native plugins compatible for Editor in 173.21 ms, found 3 plugins.
Preloading 0 native plugins for Editor in 0.00 ms.
Initialize engine version: 2022.1.3f1 (1cedbfe38737)
[Subsystems] Discovering subsystems at path C:/Program Files/Unity/Hub/Editor/2022.1.3f1/Editor/Data/Resources/UnitySubsystems
[Subsystems] Discovering subsystems at path C:/Users/Devfamily/My project/Assets
GfxDevice: creating device client; threaded=0; jobified=0
Direct3D:
    Version:  Direct3D 11.0 [level 11.1]
    Renderer: NVIDIA GeForce GTX 1660 Ti (ID=0x2191)
    Vendor:   NVIDIA
    VRAM:     5979 MB
    Driver:   31.0.15.3758
Initialize mono
Mono path[0] = 'C:/Program Files/Unity/Hub/Editor/2022.1.3f1/Editor/Data/Managed'
Mono path[1] = 'C:/Program Files/Unity/Hub/Editor/2022.1.3f1/Editor/Data/MonoBleedingEdge/lib/mono/unityjit-win32'
Mono config path = 'C:/Program Files/Unity/Hub/Editor/2022.1.3f1/Editor/Data/MonoBleedingEdge/etc'
Using monoOptions --debugger-agent=transport=dt_socket,embedding=1,server=y,suspend=n,address=127.0.0.1:56088
Begin MonoManager ReloadAssembly
Registering precompiled unity dll's ...
Register platform support module: C:/Program Files/Unity/Hub/Editor/2022.1.3f1/Editor/Data/PlaybackEngines/WindowsStandaloneSupport/UnityEditor.WindowsStandalone.Extensions.dll
Registered in 0.013589 seconds.
Native extension for WindowsStandalone target not found
Refreshing native plugins compatible for Editor in 178.65 ms, found 3 plugins.
Preloading 0 native plugins for Editor in 0.00 ms.
Mono: successfully reloaded assembly
- Completed reload, in  1.061 seconds
Domain Reload Profiling:
	ReloadAssembly (1062ms)
		BeginReloadAssembly (116ms)
			ExecutionOrderSort (0ms)
			DisableScriptedObjects (0ms)
			BackupInstance (0ms)
			ReleaseScriptingObjects (0ms)
			CreateAndSetChildDomain (1ms)
		EndReloadAssembly (771ms)
			LoadAssemblies (112ms)
			RebuildTransferFunctionScriptingTraits (0ms)
			SetupTypeCache (182ms)
				TypeCache.Initialize (181ms)
					TypeCache.ScanAssembly (180ms)
				ResolveRequiredComponents (1ms)
			ReleaseScriptCaches (0ms)
			RebuildScriptCaches (42ms)
			SetupLoadedEditorAssemblies (470ms)
				LogAssemblyErrors (0ms)
				InitializePlatformSupportModulesInManaged (11ms)
				SetLoadedEditorAssemblies (10ms)
				RefreshPlugins (179ms)
				BeforeProcessingInitializeOnLoad (2ms)
				ProcessInitializeOnLoadAttributes (196ms)
				ProcessInitializeOnLoadMethodAttributes (71ms)
				AfterProcessingInitializeOnLoad (0ms)
				EditorAssembliesLoaded (0ms)
			ExecutionOrderSort2 (0ms)
			AwakeInstancesAfterBackupRestoration (0ms)
Platform modules already initialized, skipping
Registering precompiled user dll's ...
Registered in 0.014899 seconds.
Begin MonoManager ReloadAssembly
Symbol file LoadedFromMemory doesn't match image C:\Users\Devfamily\My project\Library\PackageCache\com.unity.visualscripting@1.7.8\Editor\VisualScripting.Core\Dependencies\YamlDotNet\Unity.VisualScripting.YamlDotNet.dll
Symbol file LoadedFromMemory doesn't match image C:\Users\Devfamily\My project\Library\PackageCache\com.unity.visualscripting@1.7.8\Editor\VisualScripting.Core\Dependencies\DotNetZip\Unity.VisualScripting.IonicZip.dll
Native extension for WindowsStandalone target not found
Refreshing native plugins compatible for Editor in 149.79 ms, found 3 plugins.
Preloading 0 native plugins for Editor in 0.00 ms.
Mono: successfully reloaded assembly
- Completed reload, in  1.976 seconds
Domain Reload Profiling:
	ReloadAssembly (1977ms)
		BeginReloadAssembly (173ms)
			ExecutionOrderSort (0ms)
			DisableScriptedObjects (8ms)
			BackupInstance (0ms)
			ReleaseScriptingObjects (0ms)
			CreateAndSetChildDomain (25ms)
		EndReloadAssembly (1624ms)
			LoadAssemblies (143ms)
			RebuildTransferFunctionScriptingTraits (0ms)
			SetupTypeCache (517ms)
				TypeCache.Initialize (499ms)
					TypeCache.ScanAssembly (493ms)
				ResolveRequiredComponents (17ms)
			ReleaseScriptCaches (1ms)
			RebuildScriptCaches (104ms)
			SetupLoadedEditorAssemblies (779ms)
				LogAssemblyErrors (0ms)
				InitializePlatformSupportModulesInManaged (10ms)
				SetLoadedEditorAssemblies (10ms)
				RefreshPlugins (150ms)
				BeforeProcessingInitializeOnLoad (155ms)
				ProcessInitializeOnLoadAttributes (333ms)
				ProcessInitializeOnLoadMethodAttributes (109ms)
				AfterProcessingInitializeOnLoad (12ms)
				EditorAssembliesLoaded (0ms)
			ExecutionOrderSort2 (0ms)
			AwakeInstancesAfterBackupRestoration (10ms)
Platform modules already initialized, skipping
========================================================================
Worker process is ready to serve import requests
Launched and connected shader compiler UnityShaderCompiler.exe after 0.05 seconds
Refreshing native plugins compatible for Editor in 1.06 ms, found 3 plugins.
Preloading 0 native plugins for Editor in 0.00 ms.
Unloading 5482 Unused Serialized files (Serialized files now loaded: 0)
Unloading 48 unused Assets / (1.8 MB). Loaded Objects now: 5950.
Memory consumption went from 0.88 GB to 0.88 GB.
Total: 4.010500 ms (FindLiveObjects: 0.441800 ms CreateObjectMapping: 0.524700 ms MarkObjects: 2.734700 ms  DeleteObjects: 0.308300 ms)

AssetImportParameters requested are different than current active one (requested -> active):
  custom:video-decoder-ogg-theora: a1e56fd34408186e4bbccfd4996cb3dc -> 
  custom:container-muxer-webm: aa71ff27fc2769a1b78a27578f13a17b -> 
  custom:container-demuxer-webm: 4f35f7cbe854078d1ac9338744f61a02 -> 
  custom:video-encoder-webm-vp8: eb34c28f22e8b96e1ab97ce403110664 -> 
  custom:video-codec-MediaFoundation-h265: 746d11721c4dcdbdad8f713fa42b33f4 -> 
  custom:audio-encoder-webm-vorbis: bf7c407c2cedff20999df2af8eb42d56 -> 
  custom:framework-win-MediaFoundation: 216162199b28c13a410421893ffa2e32 -> 
  custom:SearchIndexIgnoredProperties: e643bd26f0fe6173181afceb89e7c659 -> 
  custom:container-demuxer-ogg: 62fdf1f143b41e24485cea50d1cbac27 -> 
  custom:video-decoder-webm-vp8: 9c59270c3fd7afecdb556c50c9e8de78 -> 
  custom:audio-decoder-ogg-vorbis: bf7c407c2cedff20999df2af8eb42d56 -> 
========================================================================
Received Import Request.
  Time since last request: 140872.658593 seconds.
  path: Assets/_SCI-FI_Barrels_40_Sample/Materials/Sci_Fi_Barrels_Sample.mat
  artifactKey: Guid(ce59e8771fb1b864aa80c4f575896fcd) Importer(815301076,1909f56bfc062723c751e8b465ee728b)
Start importing Assets/_SCI-FI_Barrels_40_Sample/Materials/Sci_Fi_Barrels_Sample.mat using Guid(ce59e8771fb1b864aa80c4f575896fcd) Importer(815301076,1909f56bfc062723c751e8b465ee728b)  -> (artifact id: '461819fa2e6b13df434f7927c2b0a372') in 2.176179 seconds 
========================================================================
Received Import Request.
  Time since last request: 25.742877 seconds.
  path: Assets/WhiteCity/Models/Roof/Materials/p5-12.mat
  artifactKey: Guid(2b62e5bee89dacf4f80cd407aa6e553b) Importer(815301076,1909f56bfc062723c751e8b465ee728b)
Start importing Assets/WhiteCity/Models/Roof/Materials/p5-12.mat using Guid(2b62e5bee89dacf4f80cd407aa6e553b) Importer(815301076,1909f56bfc062723c751e8b465ee728b)  -> (artifact id: '723334c9e1ae11f68e9ada85ba3c2d9a') in 0.022691 seconds 
========================================================================
Received Import Request.
  Time since last request: 0.300338 seconds.
  path: Assets/WhiteCity/Models/Roof/Materials/p5-10.mat
  artifactKey: Guid(549d9539eea0bb14fa3041fe51ba4bb8) Importer(815301076,1909f56bfc062723c751e8b465ee728b)
Start importing Assets/WhiteCity/Models/Roof/Materials/p5-10.mat using Guid(549d9539eea0bb14fa3041fe51ba4bb8) Importer(815301076,1909f56bfc062723c751e8b465ee728b)  -> (artifact id: '71bcbad9feba2c26d5921deaed5b304b') in 0.024485 seconds 
========================================================================
Received Import Request.
  Time since last request: 0.088497 seconds.
  path: Assets/WhiteCity/Models/Roof/Materials/p5-8.mat
  artifactKey: Guid(78dedd9cc03606545b5e39e405717801) Importer(815301076,1909f56bfc062723c751e8b465ee728b)
Start importing Assets/WhiteCity/Models/Roof/Materials/p5-8.mat using Guid(78dedd9cc03606545b5e39e405717801) Importer(815301076,1909f56bfc062723c751e8b465ee728b)  -> (artifact id: '302be516898d89026c738ad92fa751ce') in 0.024726 seconds 
========================================================================
Received Import Request.
  Time since last request: 0.178702 seconds.
  path: Assets/WhiteCity/Models/Roof/Materials/p5-6.mat
  artifactKey: Guid(925de37b1535eb64eaf1db52d6a7e925) Importer(815301076,1909f56bfc062723c751e8b465ee728b)
Start importing Assets/WhiteCity/Models/Roof/Materials/p5-6.mat using Guid(925de37b1535eb64eaf1db52d6a7e925) Importer(815301076,1909f56bfc062723c751e8b465ee728b)  -> (artifact id: '124e05ef6acb4750388f76ff216970be') in 0.021957 seconds 
========================================================================
Received Import Request.
  Time since last request: 0.020017 seconds.
  path: Assets/WhiteCity/Models/Roof/Materials/p5-4.mat
  artifactKey: Guid(847a09f7e0fc78f498a9096ddf09cec5) Importer(815301076,1909f56bfc062723c751e8b465ee728b)
Start importing Assets/WhiteCity/Models/Roof/Materials/p5-4.mat using Guid(847a09f7e0fc78f498a9096ddf09cec5) Importer(815301076,1909f56bfc062723c751e8b465ee728b)  -> (artifact id: '141527365da6c2023fdb89f37bf56e6b') in 0.021106 seconds 
========================================================================
Received Import Request.
  Time since last request: 0.437743 seconds.
  path: Assets/WhiteCity/Models/Roof/Materials/p5-2.mat
  artifactKey: Guid(f9e6b3c023cce864d9c32a5caca2d8bd) Importer(815301076,1909f56bfc062723c751e8b465ee728b)
Start importing Assets/WhiteCity/Models/Roof/Materials/p5-2.mat using Guid(f9e6b3c023cce864d9c32a5caca2d8bd) Importer(815301076,1909f56bfc062723c751e8b465ee728b)  -> (artifact id: 'ebb715ff562eee8ff14fd0caf1204f7b') in 0.024797 seconds 
========================================================================
Received Import Request.
  Time since last request: 0.000025 seconds.
  path: Assets/WhiteCity/Models/Roof/Materials/p3-1.mat
  artifactKey: Guid(e1dd23b3be8a0574bb5c2be277ab6414) Importer(815301076,1909f56bfc062723c751e8b465ee728b)
Start importing Assets/WhiteCity/Models/Roof/Materials/p3-1.mat using Guid(e1dd23b3be8a0574bb5c2be277ab6414) Importer(815301076,1909f56bfc062723c751e8b465ee728b)  -> (artifact id: '088051759785b36089589af232865fd4') in 0.020762 seconds 
========================================================================
Received Import Request.
  Time since last request: 0.013779 seconds.
  path: Assets/WhiteCity/Models/Roof/Materials/p3.mat
  artifactKey: Guid(f423eed10fed2a74ca2db25968c54bc0) Importer(815301076,1909f56bfc062723c751e8b465ee728b)
Start importing Assets/WhiteCity/Models/Roof/Materials/p3.mat using Guid(f423eed10fed2a74ca2db25968c54bc0) Importer(815301076,1909f56bfc062723c751e8b465ee728b)  -> (artifact id: '7b0ed5fcf8e7030a9a1ae23de5900649') in 0.025188 seconds 
========================================================================
Received Import Request.
  Time since last request: 0.330296 seconds.
  path: Assets/WhiteCity/Models/Roof/Materials/p1-1.mat
  artifactKey: Guid(f76498cabe605b748892b96f1753f810) Importer(815301076,1909f56bfc062723c751e8b465ee728b)
Start importing Assets/WhiteCity/Models/Roof/Materials/p1-1.mat using Guid(f76498cabe605b748892b96f1753f810) Importer(815301076,1909f56bfc062723c751e8b465ee728b)  -> (artifact id: 'a23a726c9f7b2de2390c61b23ccc6dd3') in 0.022030 seconds 
========================================================================
Received Import Request.
  Time since last request: 0.000020 seconds.
  path: Assets/WhiteCity/Models/Buildings/Materials/orange.mat
  artifactKey: Guid(e25753f11202b824d8204720b0b26e23) Importer(815301076,1909f56bfc062723c751e8b465ee728b)
Start importing Assets/WhiteCity/Models/Buildings/Materials/orange.mat using Guid(e25753f11202b824d8204720b0b26e23) Importer(815301076,1909f56bfc062723c751e8b465ee728b)  -> (artifact id: '7f10ac547eae825cac6116531383f6e7') in 0.019960 seconds 
========================================================================
Received Import Request.
  Time since last request: 0.000024 seconds.
  path: Assets/DreamForestTree/TreesModels/RedWood 3.prefab
  artifactKey: Guid(84bb771a8038d2648bd2421451c4018d) Importer(815301076,1909f56bfc062723c751e8b465ee728b)
Start importing Assets/DreamForestTree/TreesModels/RedWood 3.prefab using Guid(84bb771a8038d2648bd2421451c4018d) Importer(815301076,1909f56bfc062723c751e8b465ee728b)  -> (artifact id: 'e6d4e828228789e1e4ed56a0eda07bbd') in 0.165044 seconds 
========================================================================
Received Import Request.
  Time since last request: 0.000035 seconds.
  path: Assets/DreamForestTree/TreesModels/RedWood 4.prefab
  artifactKey: Guid(7d39a68237432ea41ae92c75eb21dcf4) Importer(815301076,1909f56bfc062723c751e8b465ee728b)
Start importing Assets/DreamForestTree/TreesModels/RedWood 4.prefab using Guid(7d39a68237432ea41ae92c75eb21dcf4) Importer(815301076,1909f56bfc062723c751e8b465ee728b)  -> (artifact id: 'c66630936578f37368bcb848e5c5f55f') in 0.069474 seconds 
========================================================================
Received Import Request.
  Time since last request: 0.086027 seconds.
  path: Assets/DreamForestTree/TreesModels/RedWood 5.prefab
  artifactKey: Guid(a7984f59c227d0240b9771d2797a085c) Importer(815301076,1909f56bfc062723c751e8b465ee728b)
Start importing Assets/DreamForestTree/TreesModels/RedWood 5.prefab using Guid(a7984f59c227d0240b9771d2797a085c) Importer(815301076,1909f56bfc062723c751e8b465ee728b)  -> (artifact id: '2c89ec8ddb3b50ba90adb837c4d071e8') in 0.071285 seconds 
========================================================================
Received Import Request.
  Time since last request: 0.601511 seconds.
  path: Assets/Extreme Sci-Fi LITE/FBX/Materials/None__Utility_Map_1_png.mat
  artifactKey: Guid(2f7a2c0cda9627641a4e8142e5ba354a) Importer(815301076,1909f56bfc062723c751e8b465ee728b)
Start importing Assets/Extreme Sci-Fi LITE/FBX/Materials/None__Utility_Map_1_png.mat using Guid(2f7a2c0cda9627641a4e8142e5ba354a) Importer(815301076,1909f56bfc062723c751e8b465ee728b)  -> (artifact id: 'db6b2106dc468ec18845e940e7788148') in 0.018286 seconds 
========================================================================
Received Import Request.
  Time since last request: 0.001430 seconds.
  path: Assets/WhiteCity/Models/Buildings/Materials/n2.mat
  artifactKey: Guid(ecc273dd43817404cb163915ed2966ed) Importer(815301076,1909f56bfc062723c751e8b465ee728b)
Start importing Assets/WhiteCity/Models/Buildings/Materials/n2.mat using Guid(ecc273dd43817404cb163915ed2966ed) Importer(815301076,1909f56bfc062723c751e8b465ee728b)  -> (artifact id: 'c838ee3e59a54b4e257b904a36f246c2') in 0.021317 seconds 
========================================================================
Received Import Request.
  Time since last request: 0.000028 seconds.
  path: Assets/DreamForestTree/Materials/No Name.mat
  artifactKey: Guid(c70ace258a62a9f4d8cedc70d51484a0) Importer(815301076,1909f56bfc062723c751e8b465ee728b)
Start importing Assets/DreamForestTree/Materials/No Name.mat using Guid(c70ace258a62a9f4d8cedc70d51484a0) Importer(815301076,1909f56bfc062723c751e8b465ee728b)  -> (artifact id: 'c86e67dda4e8b5bde7cffc1377017bd7') in 0.018994 seconds 
========================================================================
Received Import Request.
  Time since last request: 1.149526 seconds.
  path: Assets/Buildings/Materials/main_color_1.mat
  artifactKey: Guid(59a86af63800d864daa70ab90a3dc80c) Importer(815301076,1909f56bfc062723c751e8b465ee728b)
Start importing Assets/Buildings/Materials/main_color_1.mat using Guid(59a86af63800d864daa70ab90a3dc80c) Importer(815301076,1909f56bfc062723c751e8b465ee728b)  -> (artifact id: '7a3f58cf7804b180f1322786abc83087') in 0.022007 seconds 
========================================================================
Received Import Request.
  Time since last request: 0.000024 seconds.
  path: Assets/WhiteCity/Models/Buildings/Materials/m2.mat
  artifactKey: Guid(ec8973e640397c74f886fa21123687ce) Importer(815301076,1909f56bfc062723c751e8b465ee728b)
Start importing Assets/WhiteCity/Models/Buildings/Materials/m2.mat using Guid(ec8973e640397c74f886fa21123687ce) Importer(815301076,1909f56bfc062723c751e8b465ee728b)  -> (artifact id: '25a5473c1b62e784b330cff3f748a024') in 0.020206 seconds 
========================================================================
Received Import Request.
  Time since last request: 0.000032 seconds.
  path: Assets/polygonTrees/polygonTrees/models/grass/littleGrass/littleGrass.fbx
  artifactKey: Guid(9d4128a5b969ff43f9d7095055443a16) Importer(815301076,1909f56bfc062723c751e8b465ee728b)
Start importing Assets/polygonTrees/polygonTrees/models/grass/littleGrass/littleGrass.fbx using Guid(9d4128a5b969ff43f9d7095055443a16) Importer(815301076,1909f56bfc062723c751e8b465ee728b)  -> (artifact id: '7e4f1b1e80e807623c98479c664a3eec') in 0.081012 seconds 
========================================================================
Received Import Request.
  Time since last request: 0.188029 seconds.
  path: Assets/TextMesh Pro/Examples & Extras/Resources/Fonts & Materials/LiberationSans SDF - Overlay.mat
  artifactKey: Guid(9ad269c99dcf42b7aedefd83dd5a7b9d) Importer(815301076,1909f56bfc062723c751e8b465ee728b)
Start importing Assets/TextMesh Pro/Examples & Extras/Resources/Fonts & Materials/LiberationSans SDF - Overlay.mat using Guid(9ad269c99dcf42b7aedefd83dd5a7b9d) Importer(815301076,1909f56bfc062723c751e8b465ee728b)  -> (artifact id: '41518948705146f5158388927ec6b1c6') in 0.041425 seconds 
========================================================================
Received Import Request.
  Time since last request: 0.003063 seconds.
  path: Assets/TextMesh Pro/Resources/Fonts & Materials/LiberationSans SDF.asset
  artifactKey: Guid(8f586378b4e144a9851e7b34d9b748ee) Importer(815301076,1909f56bfc062723c751e8b465ee728b)
Start importing Assets/TextMesh Pro/Resources/Fonts & Materials/LiberationSans SDF.asset using Guid(8f586378b4e144a9851e7b34d9b748ee) Importer(815301076,1909f56bfc062723c751e8b465ee728b)  -> (artifact id: '1f913e85b7134a47190529be5eecaf27') in 0.081437 seconds 
========================================================================
Received Import Request.
  Time since last request: 0.000026 seconds.
  path: Assets/polygonTrees/polygonTrees/models/trees/trees/fallenBranchesTree/editableMaterial/leavesMaterial.mat
  artifactKey: Guid(d661de310ea73c73983ff36ce0cdb5fd) Importer(815301076,1909f56bfc062723c751e8b465ee728b)
Start importing Assets/polygonTrees/polygonTrees/models/trees/trees/fallenBranchesTree/editableMaterial/leavesMaterial.mat using Guid(d661de310ea73c73983ff36ce0cdb5fd) Importer(815301076,1909f56bfc062723c751e8b465ee728b)  -> (artifact id: '9a9d7a59bdef417fe5374d3590227330') in 0.018689 seconds 
========================================================================
Received Import Request.
  Time since last request: 0.000032 seconds.
  path: Assets/TextMesh Pro/Examples & Extras/Resources/Fonts & Materials/LiberationSans SDF - Soft Mask.mat
  artifactKey: Guid(42df1c7856584b6b8db9a509b6b10074) Importer(815301076,1909f56bfc062723c751e8b465ee728b)
Start importing Assets/TextMesh Pro/Examples & Extras/Resources/Fonts & Materials/LiberationSans SDF - Soft Mask.mat using Guid(42df1c7856584b6b8db9a509b6b10074) Importer(815301076,1909f56bfc062723c751e8b465ee728b)  -> (artifact id: '9711d368ee7f5e89b78a5a3bef940674') in 0.042625 seconds 
========================================================================
Received Import Request.
  Time since last request: 0.132024 seconds.
  path: Assets/polygonTrees/polygonTrees/models/trees/trees/fallenBranchesTree/fallenBranchesTree.fbx
  artifactKey: Guid(8de141720bc4aa5debd9f47d7cac2db5) Importer(815301076,1909f56bfc062723c751e8b465ee728b)
Start importing Assets/polygonTrees/polygonTrees/models/trees/trees/fallenBranchesTree/fallenBranchesTree.fbx using Guid(8de141720bc4aa5debd9f47d7cac2db5) Importer(815301076,1909f56bfc062723c751e8b465ee728b)  -> (artifact id: 'ab3ca60f224db89015cce79199174de4') in 0.049764 seconds 
========================================================================
Received Import Request.
  Time since last request: 0.000028 seconds.
  path: Assets/polygonTrees/polygonTrees/models/trees/trees/bigLeavesTree/editableMaterials/leavesMaterial.mat
  artifactKey: Guid(66437b4c7b3af3279bbb8e06d605beed) Importer(815301076,1909f56bfc062723c751e8b465ee728b)
Start importing Assets/polygonTrees/polygonTrees/models/trees/trees/bigLeavesTree/editableMaterials/leavesMaterial.mat using Guid(66437b4c7b3af3279bbb8e06d605beed) Importer(815301076,1909f56bfc062723c751e8b465ee728b)  -> (artifact id: '883046a53122fe0d34b8c6d98059e3c5') in 2.142143 seconds 
========================================================================
Received Prepare
Registering precompiled user dll's ...
Registered in 0.011217 seconds.
Begin MonoManager ReloadAssembly
Symbol file LoadedFromMemory doesn't match image C:\Users\Devfamily\My project\Library\PackageCache\com.unity.visualscripting@1.7.8\Editor\VisualScripting.Core\Dependencies\YamlDotNet\Unity.VisualScripting.YamlDotNet.dll
Symbol file LoadedFromMemory doesn't match image C:\Users\Devfamily\My project\Library\PackageCache\com.unity.visualscripting@1.7.8\Editor\VisualScripting.Core\Dependencies\DotNetZip\Unity.VisualScripting.IonicZip.dll
Native extension for WindowsStandalone target not found
Refreshing native plugins compatible for Editor in 1.56 ms, found 3 plugins.
Preloading 0 native plugins for Editor in 0.00 ms.
Mono: successfully reloaded assembly
- Completed reload, in  1.875 seconds
Domain Reload Profiling:
	ReloadAssembly (1876ms)
		BeginReloadAssembly (204ms)
			ExecutionOrderSort (0ms)
			DisableScriptedObjects (8ms)
			BackupInstance (0ms)
			ReleaseScriptingObjects (0ms)
			CreateAndSetChildDomain (61ms)
		EndReloadAssembly (1505ms)
			LoadAssemblies (140ms)
			RebuildTransferFunctionScriptingTraits (0ms)
			SetupTypeCache (478ms)
				TypeCache.Initialize (462ms)
					TypeCache.ScanAssembly (454ms)
				ResolveRequiredComponents (16ms)
			ReleaseScriptCaches (3ms)
			RebuildScriptCaches (76ms)
			SetupLoadedEditorAssemblies (685ms)
				LogAssemblyErrors (0ms)
				InitializePlatformSupportModulesInManaged (20ms)
				SetLoadedEditorAssemblies (10ms)
				RefreshPlugins (2ms)
				BeforeProcessingInitializeOnLoad (153ms)
				ProcessInitializeOnLoadAttributes (356ms)
				ProcessInitializeOnLoadMethodAttributes (126ms)
				AfterProcessingInitializeOnLoad (17ms)
				EditorAssembliesLoaded (0ms)
			ExecutionOrderSort2 (0ms)
			AwakeInstancesAfterBackupRestoration (21ms)
Platform modules already initialized, skipping
Refreshing native plugins compatible for Editor in 3.38 ms, found 3 plugins.
Preloading 0 native plugins for Editor in 0.00 ms.
Unloading 5287 Unused Serialized files (Serialized files now loaded: 0)
Unloading 41 unused Assets / (1.8 MB). Loaded Objects now: 6042.
Memory consumption went from 0.85 GB to 0.85 GB.
Total: 5.005100 ms (FindLiveObjects: 0.683300 ms CreateObjectMapping: 0.547400 ms MarkObjects: 3.370200 ms  DeleteObjects: 0.403000 ms)

AssetImportParameters requested are different than current active one (requested -> active):
  custom:video-decoder-ogg-theora: a1e56fd34408186e4bbccfd4996cb3dc -> 
  custom:container-muxer-webm: aa71ff27fc2769a1b78a27578f13a17b -> 
  custom:container-demuxer-webm: 4f35f7cbe854078d1ac9338744f61a02 -> 
  custom:video-encoder-webm-vp8: eb34c28f22e8b96e1ab97ce403110664 -> 
  custom:video-codec-MediaFoundation-h265: 746d11721c4dcdbdad8f713fa42b33f4 -> 
  custom:audio-encoder-webm-vorbis: bf7c407c2cedff20999df2af8eb42d56 -> 
  custom:framework-win-MediaFoundation: 216162199b28c13a410421893ffa2e32 -> 
  custom:SearchIndexIgnoredProperties: e643bd26f0fe6173181afceb89e7c659 -> 
  custom:container-demuxer-ogg: 62fdf1f143b41e24485cea50d1cbac27 -> 
  custom:video-decoder-webm-vp8: 9c59270c3fd7afecdb556c50c9e8de78 -> 
  custom:audio-decoder-ogg-vorbis: bf7c407c2cedff20999df2af8eb42d56 -> 
Editor requested this worker to shutdown with reason: Scaling down because of idle timeout
AssetImportWorker is now disconnected from the server
Process exiting
Exiting without the bug reporter. Application will terminate with return code 0